*** Using Compiler 'V5.06 update 6 (build 750)', folder: 'D:\software\keil_v5\ARM\ARMCC\Bin'
Build target 'RM2020'
compiling task_engineer_state.c...
..\user\user_app\task_engineer_state.c(142): warning:  #550-D: variable "last_sr"  was set but never used
  	static u8 last_sr = 4;
..\user\user_app\task_engineer_state.c(143): warning:  #550-D: variable "last_ll"  was set but never used
  	static S16 last_ll = 0;
..\user\user_app\task_engineer_state.c(145): warning:  #550-D: variable "f_last_ll"  was set but never used
  	static S16 f_last_ll = 0;
..\user\user_app\task_engineer_state.c: 3 warnings, 0 errors
compiling user_can.c...
..\user\user_other\user_can.c(269): warning:  #177-D: variable "temp_chassis_V_C"  was declared but never referenced
  	float temp_chassis_V_C[4], temp_chassis_I_C[4];
..\user\user_other\user_can.c(269): warning:  #177-D: variable "temp_chassis_I_C"  was declared but never referenced
  	float temp_chassis_V_C[4], temp_chassis_I_C[4];
..\user\user_other\user_can.c: 2 warnings, 0 errors
compiling task_engineer_control.c...
linking...
Program Size: Code=48482 RO-data=3978 RW-data=4452 ZI-data=1164396  
FromELF: creating hex file...
".\Objects\RM2020.axf" - 0 Error(s), 5 Warning(s).
Build Time Elapsed:  00:00:02
